-- The C compiler identification is AppleClang 14.0.0.14000029
-- The CXX compiler identification is AppleClang 14.0.0.14000029
-- Detecting C compiler ABI info
-- Detecting C compiler ABI info - done
-- Check for working C compiler: /Applications/Xcode.app/Contents/Developer/Toolchains/XcodeDefault.xctoolchain/usr/bin/cc - skipped
-- Detecting C compile features
-- Detecting C compile features - done
-- Detecting CXX compiler ABI info
-- Detecting CXX compiler ABI info - done
-- Check for working CXX compiler: /Applications/Xcode.app/Contents/Developer/Toolchains/XcodeDefault.xctoolchain/usr/bin/c++ - skipped
-- Detecting CXX compile features
-- Detecting CXX compile features - done
-- Found ament_cmake_ros: 0.12.0 (/Users/cursedrock17/ros2_rolling/install/ament_cmake_ros/share/ament_cmake_ros/cmake)
-- Found Python3: /opt/homebrew/Frameworks/Python.framework/Versions/3.11/bin/python3.11 (found version "3.11.3") found components: Interpreter 
-- Found action_msgs: 1.7.0 (/Users/cursedrock17/ros2_rolling/install/action_msgs/share/action_msgs/cmake)
-- Found rosidl_generator_c: 4.1.1 (/Users/cursedrock17/ros2_rolling/install/rosidl_generator_c/share/rosidl_generator_c/cmake)
-- Found rosidl_generator_cpp: 4.1.1 (/Users/cursedrock17/ros2_rolling/install/rosidl_generator_cpp/share/rosidl_generator_cpp/cmake)
-- Using all available rosidl_typesupport_c: rosidl_typesupport_introspection_c;rosidl_typesupport_fastrtps_c
-- Using all available rosidl_typesupport_cpp: rosidl_typesupport_introspection_cpp;rosidl_typesupport_fastrtps_cpp
-- Found rclcpp: 21.1.0 (/Users/cursedrock17/Documents/Coding/CPP/ros2/rclcpp/install/rclcpp/share/rclcpp/cmake)
-- Found rmw_implementation_cmake: 7.2.0 (/Users/cursedrock17/ros2_rolling/install/rmw_implementation_cmake/share/rmw_implementation_cmake/cmake)
-- Found rmw_fastrtps_cpp: 7.2.1 (/Users/cursedrock17/ros2_rolling/install/rmw_fastrtps_cpp/share/rmw_fastrtps_cpp/cmake)
-- Found OpenSSL: /opt/homebrew/opt/openssl@3/lib/libcrypto.dylib (found version "3.1.1")  
-- Found FastRTPS: /Users/cursedrock17/ros2_rolling/install/fastrtps/include  
-- Using RMW implementation 'rmw_fastrtps_cpp' as default
-- Found rcl_action: 6.1.1 (/Users/cursedrock17/ros2_rolling/install/rcl_action/share/rcl_action/cmake)
-- Found ament_lint_auto: 0.15.0 (/Users/cursedrock17/ros2_rolling/install/ament_lint_auto/share/ament_lint_auto/cmake)
-- Performance tests are disabled by default, so Google Benchmark tests will be skipped. To enable these tests, set the CMake variable 'AMENT_RUN_PERFORMANCE_TESTS'.
-- Found gtest sources under '/Users/cursedrock17/ros2_rolling/install/gtest_vendor/src/gtest_vendor': C++ tests using 'Google Test' will be built
-- Found Threads: TRUE  
-- Added test 'copyright' to check source files copyright and LICENSE
-- Added test 'cppcheck' to perform static code analysis on C / C++ code
-- Configured cppcheck include dirs: /Users/cursedrock17/Documents/Coding/CPP/ros2/rclcpp/install/rclcpp/include/rclcpp;/Users/cursedrock17/ros2_rolling/install/ament_index_cpp/include/ament_index_cpp;/Users/cursedrock17/ros2_rolling/install/libstatistics_collector/include/libstatistics_collector;/Users/cursedrock17/ros2_rolling/install/rcl/include/rcl;/Users/cursedrock17/ros2_rolling/install/rcpputils/include/rcpputils;/Users/cursedrock17/ros2_rolling/install/rcutils/include/rcutils;/Users/cursedrock17/ros2_rolling/install/builtin_interfaces/include/builtin_interfaces;/opt/homebrew/lib/python3.11/site-packages/numpy/core/include;/Users/cursedrock17/ros2_rolling/install/rosgraph_msgs/include/rosgraph_msgs;/Users/cursedrock17/ros2_rolling/install/rosidl_typesupport_cpp/include/rosidl_typesupport_cpp;/Users/cursedrock17/ros2_rolling/install/rosidl_typesupport_c/include/rosidl_typesupport_c;/Users/cursedrock17/ros2_rolling/install/rosidl_runtime_cpp/include/rosidl_runtime_cpp;/Users/cursedrock17/ros2_rolling/install/rcl_yaml_param_parser/include/rcl_yaml_param_parser;/Users/cursedrock17/ros2_rolling/install/statistics_msgs/include/statistics_msgs;/Users/cursedrock17/ros2_rolling/install/tracetools/include/tracetools;$<BUILD_INTERFACE:/Users/cursedrock17/Documents/Coding/CPP/ros2/rclcpp/rclcpp_action/include>
-- Configured cppcheck exclude dirs and/or files: 
-- Added test 'cpplint' to check C / C++ code against the Google style
-- Configured cpplint exclude dirs and/or files: 
-- Added test 'lint_cmake' to check CMake code style
-- Added test 'uncrustify' to check C / C++ code style
-- Configured uncrustify additional arguments: 
-- Added test 'xmllint' to check XML markup files
-- Configuring done (13.7s)
-- Generating done (0.2s)
-- Build files have been written to: /Users/cursedrock17/Documents/Coding/CPP/ros2/rclcpp/build/rclcpp_action
[  4%] Building CXX object CMakeFiles/rclcpp_action.dir/src/client.cpp.o
[  8%] Building CXX object CMakeFiles/rclcpp_action.dir/src/types.cpp.o
[ 12%] Building CXX object CMakeFiles/rclcpp_action.dir/src/qos.cpp.o
[ 16%] Building CXX object CMakeFiles/rclcpp_action.dir/src/server_goal_handle.cpp.o
[ 20%] Building CXX object gtest/CMakeFiles/gtest_main.dir/src/gtest_main.cc.o
[ 25%] Building CXX object gtest/CMakeFiles/gtest.dir/src/gtest-all.cc.o
[ 29%] Building CXX object CMakeFiles/rclcpp_action.dir/src/server.cpp.o
[ 33%] Linking CXX static library libgtest_main.a
[ 33%] Built target gtest_main
[ 37%] Linking CXX static library libgtest.a
[ 41%] Linking CXX shared library librclcpp_action.dylib
[ 41%] Built target rclcpp_action
[ 41%] Built target gtest
[ 45%] Building CXX object test/benchmark/CMakeFiles/benchmark_action_server.dir/benchmark_action_server.cpp.o
[ 50%] Linking CXX executable benchmark_action_server
[ 50%] Built target benchmark_action_server
[ 54%] Building CXX object CMakeFiles/test_types.dir/test/test_types.cpp.o
[ 58%] Linking CXX executable test_types
[ 58%] Built target test_types
[ 62%] Building CXX object CMakeFiles/test_traits.dir/test/test_traits.cpp.o
[ 66%] Linking CXX executable test_traits
[ 66%] Built target test_traits
[ 70%] Building CXX object CMakeFiles/test_server_goal_handle.dir/test/test_server_goal_handle.cpp.o
[ 75%] Linking CXX executable test_server_goal_handle
[ 75%] Built target test_server_goal_handle
[ 79%] Building CXX object CMakeFiles/test_server.dir/test/test_server.cpp.o
[ 83%] Linking CXX executable test_server
[ 83%] Built target test_server
[ 87%] Building CXX object CMakeFiles/test_client.dir/test/test_client.cpp.o
[ 91%] Linking CXX executable test_client
[ 91%] Built target test_client
[ 95%] Building CXX object test/benchmark/CMakeFiles/benchmark_action_client.dir/benchmark_action_client.cpp.o
[100%] Linking CXX executable benchmark_action_client
[100%] Built target benchmark_action_client
-- Install configuration: ""
-- Installing: /Users/cursedrock17/Documents/Coding/CPP/ros2/rclcpp/install/rclcpp_action/include/rclcpp_action
-- Installing: /Users/cursedrock17/Documents/Coding/CPP/ros2/rclcpp/install/rclcpp_action/include/rclcpp_action/rclcpp_action
-- Installing: /Users/cursedrock17/Documents/Coding/CPP/ros2/rclcpp/install/rclcpp_action/include/rclcpp_action/rclcpp_action/server_goal_handle.hpp
-- Installing: /Users/cursedrock17/Documents/Coding/CPP/ros2/rclcpp/install/rclcpp_action/include/rclcpp_action/rclcpp_action/create_server.hpp
-- Installing: /Users/cursedrock17/Documents/Coding/CPP/ros2/rclcpp/install/rclcpp_action/include/rclcpp_action/rclcpp_action/server.hpp
-- Installing: /Users/cursedrock17/Documents/Coding/CPP/ros2/rclcpp/install/rclcpp_action/include/rclcpp_action/rclcpp_action/client_goal_handle.hpp
-- Installing: /Users/cursedrock17/Documents/Coding/CPP/ros2/rclcpp/install/rclcpp_action/include/rclcpp_action/rclcpp_action/client_goal_handle_impl.hpp
-- Installing: /Users/cursedrock17/Documents/Coding/CPP/ros2/rclcpp/install/rclcpp_action/include/rclcpp_action/rclcpp_action/visibility_control.hpp
-- Installing: /Users/cursedrock17/Documents/Coding/CPP/ros2/rclcpp/install/rclcpp_action/include/rclcpp_action/rclcpp_action/exceptions.hpp
-- Installing: /Users/cursedrock17/Documents/Coding/CPP/ros2/rclcpp/install/rclcpp_action/include/rclcpp_action/rclcpp_action/rclcpp_action.hpp
-- Installing: /Users/cursedrock17/Documents/Coding/CPP/ros2/rclcpp/install/rclcpp_action/include/rclcpp_action/rclcpp_action/types.hpp
-- Installing: /Users/cursedrock17/Documents/Coding/CPP/ros2/rclcpp/install/rclcpp_action/include/rclcpp_action/rclcpp_action/client.hpp
-- Installing: /Users/cursedrock17/Documents/Coding/CPP/ros2/rclcpp/install/rclcpp_action/include/rclcpp_action/rclcpp_action/qos.hpp
-- Installing: /Users/cursedrock17/Documents/Coding/CPP/ros2/rclcpp/install/rclcpp_action/include/rclcpp_action/rclcpp_action/create_client.hpp
-- Installing: /Users/cursedrock17/Documents/Coding/CPP/ros2/rclcpp/install/rclcpp_action/lib/librclcpp_action.dylib
-- Installing: /Users/cursedrock17/Documents/Coding/CPP/ros2/rclcpp/install/rclcpp_action/share/rclcpp_action/environment/library_path.sh
-- Installing: /Users/cursedrock17/Documents/Coding/CPP/ros2/rclcpp/install/rclcpp_action/share/rclcpp_action/environment/library_path.dsv
-- Installing: /Users/cursedrock17/Documents/Coding/CPP/ros2/rclcpp/install/rclcpp_action/share/ament_index/resource_index/package_run_dependencies/rclcpp_action
-- Installing: /Users/cursedrock17/Documents/Coding/CPP/ros2/rclcpp/install/rclcpp_action/share/ament_index/resource_index/parent_prefix_path/rclcpp_action
-- Installing: /Users/cursedrock17/Documents/Coding/CPP/ros2/rclcpp/install/rclcpp_action/share/rclcpp_action/environment/ament_prefix_path.sh
-- Installing: /Users/cursedrock17/Documents/Coding/CPP/ros2/rclcpp/install/rclcpp_action/share/rclcpp_action/environment/ament_prefix_path.dsv
-- Installing: /Users/cursedrock17/Documents/Coding/CPP/ros2/rclcpp/install/rclcpp_action/share/rclcpp_action/environment/path.sh
-- Installing: /Users/cursedrock17/Documents/Coding/CPP/ros2/rclcpp/install/rclcpp_action/share/rclcpp_action/environment/path.dsv
-- Installing: /Users/cursedrock17/Documents/Coding/CPP/ros2/rclcpp/install/rclcpp_action/share/rclcpp_action/local_setup.bash
-- Installing: /Users/cursedrock17/Documents/Coding/CPP/ros2/rclcpp/install/rclcpp_action/share/rclcpp_action/local_setup.sh
-- Installing: /Users/cursedrock17/Documents/Coding/CPP/ros2/rclcpp/install/rclcpp_action/share/rclcpp_action/local_setup.zsh
-- Installing: /Users/cursedrock17/Documents/Coding/CPP/ros2/rclcpp/install/rclcpp_action/share/rclcpp_action/local_setup.dsv
-- Installing: /Users/cursedrock17/Documents/Coding/CPP/ros2/rclcpp/install/rclcpp_action/share/rclcpp_action/package.dsv
-- Installing: /Users/cursedrock17/Documents/Coding/CPP/ros2/rclcpp/install/rclcpp_action/share/ament_index/resource_index/packages/rclcpp_action
-- Installing: /Users/cursedrock17/Documents/Coding/CPP/ros2/rclcpp/install/rclcpp_action/share/rclcpp_action/cmake/rclcpp_actionExport.cmake
-- Installing: /Users/cursedrock17/Documents/Coding/CPP/ros2/rclcpp/install/rclcpp_action/share/rclcpp_action/cmake/rclcpp_actionExport-noconfig.cmake
-- Installing: /Users/cursedrock17/Documents/Coding/CPP/ros2/rclcpp/install/rclcpp_action/share/rclcpp_action/cmake/ament_cmake_export_include_directories-extras.cmake
-- Installing: /Users/cursedrock17/Documents/Coding/CPP/ros2/rclcpp/install/rclcpp_action/share/rclcpp_action/cmake/ament_cmake_export_libraries-extras.cmake
-- Installing: /Users/cursedrock17/Documents/Coding/CPP/ros2/rclcpp/install/rclcpp_action/share/rclcpp_action/cmake/ament_cmake_export_targets-extras.cmake
-- Installing: /Users/cursedrock17/Documents/Coding/CPP/ros2/rclcpp/install/rclcpp_action/share/rclcpp_action/cmake/ament_cmake_export_dependencies-extras.cmake
-- Installing: /Users/cursedrock17/Documents/Coding/CPP/ros2/rclcpp/install/rclcpp_action/share/rclcpp_action/cmake/rclcpp_actionConfig.cmake
-- Installing: /Users/cursedrock17/Documents/Coding/CPP/ros2/rclcpp/install/rclcpp_action/share/rclcpp_action/cmake/rclcpp_actionConfig-version.cmake
-- Installing: /Users/cursedrock17/Documents/Coding/CPP/ros2/rclcpp/install/rclcpp_action/share/rclcpp_action/package.xml
