[0.022s] Invoking command in '/Users/cursedrock17/Documents/Coding/CPP/ros2/rclcpp/build/rclcpp': SHLVL=2 _=/usr/bin/env /opt/homebrew/bin/cmake /Users/cursedrock17/Documents/Coding/CPP/ros2/rclcpp/rclcpp -DCMAKE_INSTALL_PREFIX=/Users/cursedrock17/Documents/Coding/CPP/ros2/rclcpp/install/rclcpp
[0.375s] -- The C compiler identification is AppleClang 14.0.0.14000029
[0.430s] -- The CXX compiler identification is AppleClang 14.0.0.14000029
[0.442s] -- Detecting C compiler ABI info
[0.544s] -- Detecting C compiler ABI info - done
[0.548s] -- Check for working C compiler: /Applications/Xcode.app/Contents/Developer/Toolchains/XcodeDefault.xctoolchain/usr/bin/cc - skipped
[0.549s] -- Detecting C compile features
[0.549s] -- Detecting C compile features - done
[0.555s] -- Detecting CXX compiler ABI info
[0.636s] -- Detecting CXX compiler ABI info - done
[0.640s] -- Check for working CXX compiler: /Applications/Xcode.app/Contents/Developer/Toolchains/XcodeDefault.xctoolchain/usr/bin/c++ - skipped
[0.641s] -- Detecting CXX compile features
[0.641s] -- Detecting CXX compile features - done
[0.643s] -- Performing Test CMAKE_HAVE_LIBC_PTHREAD
[0.749s] -- Performing Test CMAKE_HAVE_LIBC_PTHREAD - Success
[0.749s] -- Found Threads: TRUE  
[0.780s] CMake Error at CMakeLists.txt:7 (find_package):
[0.780s]   By not providing "Findament_cmake_ros.cmake" in CMAKE_MODULE_PATH this
[0.780s]   project has asked CMake to find a package configuration file provided by
[0.780s]   "ament_cmake_ros", but CMake did not find one.
[0.780s] 
[0.780s]   Could not find a package configuration file provided by "ament_cmake_ros"
[0.780s]   with any of the following names:
[0.780s] 
[0.780s]     ament_cmake_rosConfig.cmake
[0.780s]     ament_cmake_ros-config.cmake
[0.780s] 
[0.780s]   Add the installation prefix of "ament_cmake_ros" to CMAKE_PREFIX_PATH or
[0.780s]   set "ament_cmake_ros_DIR" to a directory containing one of the above files.
[0.781s]   If "ament_cmake_ros" provides a separate development package or SDK, be
[0.781s]   sure it has been installed.
[0.781s] 
[0.781s] 
[0.781s] -- Configuring incomplete, errors occurred!
[0.782s] Invoked command in '/Users/cursedrock17/Documents/Coding/CPP/ros2/rclcpp/build/rclcpp' returned '1': SHLVL=2 _=/usr/bin/env /opt/homebrew/bin/cmake /Users/cursedrock17/Documents/Coding/CPP/ros2/rclcpp/rclcpp -DCMAKE_INSTALL_PREFIX=/Users/cursedrock17/Documents/Coding/CPP/ros2/rclcpp/install/rclcpp
