-- The C compiler identification is AppleClang 14.0.0.14000029
-- The CXX compiler identification is AppleClang 14.0.0.14000029
-- Detecting C compiler ABI info
-- Detecting C compiler ABI info - done
-- Check for working C compiler: /Applications/Xcode.app/Contents/Developer/Toolchains/XcodeDefault.xctoolchain/usr/bin/cc - skipped
-- Detecting C compile features
-- Detecting C compile features - done
-- Detecting CXX compiler ABI info
-- Detecting CXX compiler ABI info - done
-- Check for working CXX compiler: /Applications/Xcode.app/Contents/Developer/Toolchains/XcodeDefault.xctoolchain/usr/bin/c++ - skipped
-- Detecting CXX compile features
-- Detecting CXX compile features - done
-- Found ament_cmake_ros: 0.12.0 (/Users/cursedrock17/ros2_rolling/install/ament_cmake_ros/share/ament_cmake_ros/cmake)
-- Found Python3: /opt/homebrew/Frameworks/Python.framework/Versions/3.11/bin/python3.11 (found version "3.11.3") found components: Interpreter 
-- Found lifecycle_msgs: 1.7.0 (/Users/cursedrock17/ros2_rolling/install/lifecycle_msgs/share/lifecycle_msgs/cmake)
-- Found rosidl_generator_c: 4.1.1 (/Users/cursedrock17/ros2_rolling/install/rosidl_generator_c/share/rosidl_generator_c/cmake)
-- Found rosidl_generator_cpp: 4.1.1 (/Users/cursedrock17/ros2_rolling/install/rosidl_generator_cpp/share/rosidl_generator_cpp/cmake)
-- Using all available rosidl_typesupport_c: rosidl_typesupport_introspection_c;rosidl_typesupport_fastrtps_c
-- Using all available rosidl_typesupport_cpp: rosidl_typesupport_introspection_cpp;rosidl_typesupport_fastrtps_cpp
-- Found rcl: 6.1.1 (/Users/cursedrock17/ros2_rolling/install/rcl/share/rcl/cmake)
-- Found rmw_implementation_cmake: 7.2.0 (/Users/cursedrock17/ros2_rolling/install/rmw_implementation_cmake/share/rmw_implementation_cmake/cmake)
-- Found rmw_fastrtps_cpp: 7.2.1 (/Users/cursedrock17/ros2_rolling/install/rmw_fastrtps_cpp/share/rmw_fastrtps_cpp/cmake)
-- Found OpenSSL: /opt/homebrew/opt/openssl@3/lib/libcrypto.dylib (found version "3.1.1")  
-- Found FastRTPS: /Users/cursedrock17/ros2_rolling/install/fastrtps/include  
-- Using RMW implementation 'rmw_fastrtps_cpp' as default
-- Found rclcpp: 21.1.0 (/Users/cursedrock17/Documents/Coding/CPP/ros2/rclcpp/install/rclcpp/share/rclcpp/cmake)
-- Found rcl_lifecycle: 6.1.1 (/Users/cursedrock17/ros2_rolling/install/rcl_lifecycle/share/rcl_lifecycle/cmake)
-- Found ament_lint_auto: 0.15.0 (/Users/cursedrock17/ros2_rolling/install/ament_lint_auto/share/ament_lint_auto/cmake)
-- Performance tests are disabled by default, so Google Benchmark tests will be skipped. To enable these tests, set the CMake variable 'AMENT_RUN_PERFORMANCE_TESTS'.
-- Found gtest sources under '/Users/cursedrock17/ros2_rolling/install/gtest_vendor/src/gtest_vendor': C++ tests using 'Google Test' will be built
-- Found Threads: TRUE  
-- Added test 'copyright' to check source files copyright and LICENSE
-- Added test 'cppcheck' to perform static code analysis on C / C++ code
-- Configured cppcheck include dirs: /Users/cursedrock17/Documents/Coding/CPP/ros2/rclcpp/install/rclcpp/include/rclcpp;/Users/cursedrock17/ros2_rolling/install/ament_index_cpp/include/ament_index_cpp;/Users/cursedrock17/ros2_rolling/install/libstatistics_collector/include/libstatistics_collector;/Users/cursedrock17/ros2_rolling/install/rcl/include/rcl;/Users/cursedrock17/ros2_rolling/install/rcpputils/include/rcpputils;/Users/cursedrock17/ros2_rolling/install/rcutils/include/rcutils;/Users/cursedrock17/ros2_rolling/install/builtin_interfaces/include/builtin_interfaces;/opt/homebrew/lib/python3.11/site-packages/numpy/core/include;/Users/cursedrock17/ros2_rolling/install/rosgraph_msgs/include/rosgraph_msgs;/Users/cursedrock17/ros2_rolling/install/rosidl_typesupport_cpp/include/rosidl_typesupport_cpp;/Users/cursedrock17/ros2_rolling/install/rosidl_typesupport_c/include/rosidl_typesupport_c;/Users/cursedrock17/ros2_rolling/install/rosidl_runtime_cpp/include/rosidl_runtime_cpp;/Users/cursedrock17/ros2_rolling/install/rcl_yaml_param_parser/include/rcl_yaml_param_parser;/Users/cursedrock17/ros2_rolling/install/statistics_msgs/include/statistics_msgs;/Users/cursedrock17/ros2_rolling/install/tracetools/include/tracetools;$<BUILD_INTERFACE:/Users/cursedrock17/Documents/Coding/CPP/ros2/rclcpp/rclcpp_lifecycle/include>
-- Configured cppcheck exclude dirs and/or files: 
-- Added test 'cpplint' to check C / C++ code against the Google style
-- Configured cpplint exclude dirs and/or files: 
-- Added test 'lint_cmake' to check CMake code style
-- Added test 'uncrustify' to check C / C++ code style
-- Configured uncrustify additional arguments: 
-- Added test 'xmllint' to check XML markup files
-- Configuring done (13.5s)
-- Generating done (0.2s)
-- Build files have been written to: /Users/cursedrock17/Documents/Coding/CPP/ros2/rclcpp/build/rclcpp_lifecycle
[  2%] Building CXX object CMakeFiles/rclcpp_lifecycle.dir/src/lifecycle_node_interface_impl.cpp.o
[  5%] Building CXX object CMakeFiles/rclcpp_lifecycle.dir/src/node_interfaces/lifecycle_node_interface.cpp.o
[ 10%] Building CXX object gtest/CMakeFiles/gtest_main.dir/src/gtest_main.cc.o
[ 12%] Building CXX object CMakeFiles/rclcpp_lifecycle.dir/src/managed_entity.cpp.o
[ 15%] Building CXX object CMakeFiles/rclcpp_lifecycle.dir/src/state.cpp.o
[ 17%] Building CXX object gtest/CMakeFiles/gtest.dir/src/gtest-all.cc.o
[ 17%] Building CXX object CMakeFiles/rclcpp_lifecycle.dir/src/transition.cpp.o
[ 20%] Building CXX object CMakeFiles/rclcpp_lifecycle.dir/src/lifecycle_node.cpp.o
[ 23%] Linking CXX static library libgtest_main.a
[ 23%] Built target gtest_main
[ 25%] Linking CXX static library libgtest.a
[ 25%] Built target gtest
[ 28%] Linking CXX shared library librclcpp_lifecycle.dylib
[ 28%] Built target rclcpp_lifecycle
[ 30%] Building CXX object CMakeFiles/benchmark_lifecycle_client.dir/test/benchmark/benchmark_lifecycle_client.cpp.o
[ 33%] Linking CXX executable benchmark_lifecycle_client
[ 33%] Built target benchmark_lifecycle_client
[ 35%] Building CXX object CMakeFiles/test_client.dir/test/test_client.cpp.o
[ 38%] Linking CXX executable test_client
[ 38%] Built target test_client
[ 41%] Building CXX object CMakeFiles/test_service.dir/test/test_service.cpp.o
[ 43%] Linking CXX executable test_service
[ 43%] Built target test_service
[ 46%] Building CXX object CMakeFiles/test_state_machine_info.dir/test/test_state_machine_info.cpp.o
[ 48%] Linking CXX executable test_state_machine_info
[ 48%] Built target test_state_machine_info
[ 51%] Building CXX object CMakeFiles/test_register_custom_callbacks.dir/test/test_register_custom_callbacks.cpp.o
[ 53%] Linking CXX executable test_register_custom_callbacks
[ 53%] Built target test_register_custom_callbacks
[ 56%] Building CXX object CMakeFiles/test_callback_exceptions.dir/test/test_callback_exceptions.cpp.o
[ 58%] Linking CXX executable test_callback_exceptions
[ 58%] Built target test_callback_exceptions
[ 61%] Building CXX object CMakeFiles/test_state_wrapper.dir/test/test_state_wrapper.cpp.o
[ 64%] Linking CXX executable test_state_wrapper
[ 64%] Built target test_state_wrapper
[ 66%] Building CXX object CMakeFiles/test_transition_wrapper.dir/test/test_transition_wrapper.cpp.o
[ 69%] Linking CXX executable test_transition_wrapper
[ 69%] Built target test_transition_wrapper
[ 71%] Building CXX object CMakeFiles/test_lifecycle_service_client.dir/test/test_lifecycle_service_client.cpp.o
[ 74%] Linking CXX executable test_lifecycle_service_client
[ 74%] Built target test_lifecycle_service_client
[ 76%] Building CXX object CMakeFiles/test_lifecycle_publisher.dir/test/test_lifecycle_publisher.cpp.o
[ 79%] Linking CXX executable test_lifecycle_publisher
[ 79%] Built target test_lifecycle_publisher
[ 82%] Building CXX object CMakeFiles/test_lifecycle_node.dir/test/test_lifecycle_node.cpp.o
[ 84%] Linking CXX executable test_lifecycle_node
[ 84%] Built target test_lifecycle_node
[ 87%] Building CXX object CMakeFiles/benchmark_transition.dir/test/benchmark/benchmark_transition.cpp.o
[ 89%] Linking CXX executable benchmark_transition
[ 89%] Built target benchmark_transition
[ 92%] Building CXX object CMakeFiles/benchmark_state.dir/test/benchmark/benchmark_state.cpp.o
[ 94%] Linking CXX executable benchmark_state
[ 94%] Built target benchmark_state
[ 97%] Building CXX object CMakeFiles/benchmark_lifecycle_node.dir/test/benchmark/benchmark_lifecycle_node.cpp.o
[100%] Linking CXX executable benchmark_lifecycle_node
[100%] Built target benchmark_lifecycle_node
-- Install configuration: ""
-- Installing: /Users/cursedrock17/Documents/Coding/CPP/ros2/rclcpp/install/rclcpp_lifecycle/lib/librclcpp_lifecycle.dylib
-- Installing: /Users/cursedrock17/Documents/Coding/CPP/ros2/rclcpp/install/rclcpp_lifecycle/include/rclcpp_lifecycle
-- Installing: /Users/cursedrock17/Documents/Coding/CPP/ros2/rclcpp/install/rclcpp_lifecycle/include/rclcpp_lifecycle/rclcpp_lifecycle
-- Installing: /Users/cursedrock17/Documents/Coding/CPP/ros2/rclcpp/install/rclcpp_lifecycle/include/rclcpp_lifecycle/rclcpp_lifecycle/lifecycle_publisher.hpp
-- Installing: /Users/cursedrock17/Documents/Coding/CPP/ros2/rclcpp/install/rclcpp_lifecycle/include/rclcpp_lifecycle/rclcpp_lifecycle/visibility_control.h
-- Installing: /Users/cursedrock17/Documents/Coding/CPP/ros2/rclcpp/install/rclcpp_lifecycle/include/rclcpp_lifecycle/rclcpp_lifecycle/type_traits
-- Installing: /Users/cursedrock17/Documents/Coding/CPP/ros2/rclcpp/install/rclcpp_lifecycle/include/rclcpp_lifecycle/rclcpp_lifecycle/type_traits/is_manageable_node.hpp
-- Installing: /Users/cursedrock17/Documents/Coding/CPP/ros2/rclcpp/install/rclcpp_lifecycle/include/rclcpp_lifecycle/rclcpp_lifecycle/state.hpp
-- Installing: /Users/cursedrock17/Documents/Coding/CPP/ros2/rclcpp/install/rclcpp_lifecycle/include/rclcpp_lifecycle/rclcpp_lifecycle/lifecycle_node_impl.hpp
-- Installing: /Users/cursedrock17/Documents/Coding/CPP/ros2/rclcpp/install/rclcpp_lifecycle/include/rclcpp_lifecycle/rclcpp_lifecycle/node_interfaces
-- Installing: /Users/cursedrock17/Documents/Coding/CPP/ros2/rclcpp/install/rclcpp_lifecycle/include/rclcpp_lifecycle/rclcpp_lifecycle/node_interfaces/lifecycle_node_interface.hpp
-- Installing: /Users/cursedrock17/Documents/Coding/CPP/ros2/rclcpp/install/rclcpp_lifecycle/include/rclcpp_lifecycle/rclcpp_lifecycle/transition.hpp
-- Installing: /Users/cursedrock17/Documents/Coding/CPP/ros2/rclcpp/install/rclcpp_lifecycle/include/rclcpp_lifecycle/rclcpp_lifecycle/lifecycle_node.hpp
-- Installing: /Users/cursedrock17/Documents/Coding/CPP/ros2/rclcpp/install/rclcpp_lifecycle/include/rclcpp_lifecycle/rclcpp_lifecycle/managed_entity.hpp
-- Installing: /Users/cursedrock17/Documents/Coding/CPP/ros2/rclcpp/install/rclcpp_lifecycle/share/rclcpp_lifecycle/environment/library_path.sh
-- Installing: /Users/cursedrock17/Documents/Coding/CPP/ros2/rclcpp/install/rclcpp_lifecycle/share/rclcpp_lifecycle/environment/library_path.dsv
-- Installing: /Users/cursedrock17/Documents/Coding/CPP/ros2/rclcpp/install/rclcpp_lifecycle/share/ament_index/resource_index/package_run_dependencies/rclcpp_lifecycle
-- Installing: /Users/cursedrock17/Documents/Coding/CPP/ros2/rclcpp/install/rclcpp_lifecycle/share/ament_index/resource_index/parent_prefix_path/rclcpp_lifecycle
-- Installing: /Users/cursedrock17/Documents/Coding/CPP/ros2/rclcpp/install/rclcpp_lifecycle/share/rclcpp_lifecycle/environment/ament_prefix_path.sh
-- Installing: /Users/cursedrock17/Documents/Coding/CPP/ros2/rclcpp/install/rclcpp_lifecycle/share/rclcpp_lifecycle/environment/ament_prefix_path.dsv
-- Installing: /Users/cursedrock17/Documents/Coding/CPP/ros2/rclcpp/install/rclcpp_lifecycle/share/rclcpp_lifecycle/environment/path.sh
-- Installing: /Users/cursedrock17/Documents/Coding/CPP/ros2/rclcpp/install/rclcpp_lifecycle/share/rclcpp_lifecycle/environment/path.dsv
-- Installing: /Users/cursedrock17/Documents/Coding/CPP/ros2/rclcpp/install/rclcpp_lifecycle/share/rclcpp_lifecycle/local_setup.bash
-- Installing: /Users/cursedrock17/Documents/Coding/CPP/ros2/rclcpp/install/rclcpp_lifecycle/share/rclcpp_lifecycle/local_setup.sh
-- Installing: /Users/cursedrock17/Documents/Coding/CPP/ros2/rclcpp/install/rclcpp_lifecycle/share/rclcpp_lifecycle/local_setup.zsh
-- Installing: /Users/cursedrock17/Documents/Coding/CPP/ros2/rclcpp/install/rclcpp_lifecycle/share/rclcpp_lifecycle/local_setup.dsv
-- Installing: /Users/cursedrock17/Documents/Coding/CPP/ros2/rclcpp/install/rclcpp_lifecycle/share/rclcpp_lifecycle/package.dsv
-- Installing: /Users/cursedrock17/Documents/Coding/CPP/ros2/rclcpp/install/rclcpp_lifecycle/share/ament_index/resource_index/packages/rclcpp_lifecycle
-- Installing: /Users/cursedrock17/Documents/Coding/CPP/ros2/rclcpp/install/rclcpp_lifecycle/share/rclcpp_lifecycle/cmake/rclcpp_lifecycleExport.cmake
-- Installing: /Users/cursedrock17/Documents/Coding/CPP/ros2/rclcpp/install/rclcpp_lifecycle/share/rclcpp_lifecycle/cmake/rclcpp_lifecycleExport-noconfig.cmake
-- Installing: /Users/cursedrock17/Documents/Coding/CPP/ros2/rclcpp/install/rclcpp_lifecycle/share/rclcpp_lifecycle/cmake/ament_cmake_export_include_directories-extras.cmake
-- Installing: /Users/cursedrock17/Documents/Coding/CPP/ros2/rclcpp/install/rclcpp_lifecycle/share/rclcpp_lifecycle/cmake/ament_cmake_export_libraries-extras.cmake
-- Installing: /Users/cursedrock17/Documents/Coding/CPP/ros2/rclcpp/install/rclcpp_lifecycle/share/rclcpp_lifecycle/cmake/ament_cmake_export_targets-extras.cmake
-- Installing: /Users/cursedrock17/Documents/Coding/CPP/ros2/rclcpp/install/rclcpp_lifecycle/share/rclcpp_lifecycle/cmake/ament_cmake_export_dependencies-extras.cmake
-- Installing: /Users/cursedrock17/Documents/Coding/CPP/ros2/rclcpp/install/rclcpp_lifecycle/share/rclcpp_lifecycle/cmake/rclcpp_lifecycleConfig.cmake
-- Installing: /Users/cursedrock17/Documents/Coding/CPP/ros2/rclcpp/install/rclcpp_lifecycle/share/rclcpp_lifecycle/cmake/rclcpp_lifecycleConfig-version.cmake
-- Installing: /Users/cursedrock17/Documents/Coding/CPP/ros2/rclcpp/install/rclcpp_lifecycle/share/rclcpp_lifecycle/package.xml
